# JRE version: OpenJDK Runtime Environment (8.0_212) (build 1.8.0_212-release-1586-b4-5784211)
# Java VM: OpenJDK 64-Bit Server VM (25.212-b4-5784211 mixed mode linux-amd64 compressed oops)
Heap:
 PSYoungGen      total 67584K, used 60476K [0x00000000e0000000, 0x00000000e4700000, 0x0000000100000000)
  eden space 62464K, 88% used [0x00000000e0000000,0x00000000e36134b8,0x00000000e3d00000)
  from space 5120K, 99% used [0x00000000e4200000,0x00000000e46fbea8,0x00000000e4700000)
  to   space 5120K, 99% used [0x00000000e3d00000,0x00000000e41fc070,0x00000000e4200000)
 ParOldGen       total 759296K, used 681259K [0x00000000a0000000, 0x00000000ce580000, 0x00000000e0000000)
  object space 759296K, 89% used [0x00000000a0000000,0x00000000c994add8,0x00000000ce580000)
 Metaspace       used 20730K, capacity 21164K, committed 21296K, reserved 1067008K
  class space    used 2945K, capacity 3104K, committed 3120K, reserved 1048576K
GC Heap History (9 events):
Event: 0,634 GC heap before
{Heap before GC invocations=1 (full 0):
 PSYoungGen      total 36352K, used 31232K [0x00000000e0000000, 0x00000000e2880000, 0x0000000100000000)
  eden space 31232K, 100% used [0x00000000e0000000,0x00000000e1e80000,0x00000000e1e80000)
  from space 5120K, 0% used [0x00000000e2380000,0x00000000e2380000,0x00000000e2880000)
  to   space 5120K, 0% used [0x00000000e1e80000,0x00000000e1e80000,0x00000000e2380000)
 ParOldGen       total 83456K, used 0K [0x00000000a0000000, 0x00000000a5180000, 0x00000000e0000000)
  object space 83456K, 0% used [0x00000000a0000000,0x00000000a0000000,0x00000000a5180000)
 Metaspace       used 6909K, capacity 7196K, committed 7424K, reserved 1056768K
  class space    used 848K, capacity 912K, committed 1024K, reserved 1048576K
Event: 0,640 GC heap after
Heap after GC invocations=1 (full 0):
 PSYoungGen      total 36352K, used 4260K [0x00000000e0000000, 0x00000000e2880000, 0x0000000100000000)
  eden space 31232K, 0% used [0x00000000e0000000,0x00000000e0000000,0x00000000e1e80000)
  from space 5120K, 83% used [0x00000000e1e80000,0x00000000e22a9280,0x00000000e2380000)
  to   space 5120K, 0% used [0x00000000e2380000,0x00000000e2380000,0x00000000e2880000)
 ParOldGen       total 83456K, used 8K [0x00000000a0000000, 0x00000000a5180000, 0x00000000e0000000)
  object space 83456K, 0% used [0x00000000a0000000,0x00000000a0002000,0x00000000a5180000)
 Metaspace       used 6909K, capacity 7196K, committed 7424K, reserved 1056768K
  class space    used 848K, capacity 912K, committed 1024K, reserved 1048576K
}
Event: 0,936 GC heap before
{Heap before GC invocations=2 (full 0):
 PSYoungGen      total 36352K, used 35492K [0x00000000e0000000, 0x00000000e2880000, 0x0000000100000000)
  eden space 31232K, 100% used [0x00000000e0000000,0x00000000e1e80000,0x00000000e1e80000)
  from space 5120K, 83% used [0x00000000e1e80000,0x00000000e22a9280,0x00000000e2380000)
  to   space 5120K, 0% used [0x00000000e2380000,0x00000000e2380000,0x00000000e2880000)
 ParOldGen       total 83456K, used 8K [0x00000000a0000000, 0x00000000a5180000, 0x00000000e0000000)
  object space 83456K, 0% used [0x00000000a0000000,0x00000000a0002000,0x00000000a5180000)
 Metaspace       used 7742K, capacity 8086K, committed 8320K, reserved 1056768K
  class space    used 994K, capacity 1081K, committed 1152K, reserved 1048576K
Event: 0,947 GC heap after
Heap after GC invocations=2 (full 0):
 PSYoungGen      total 36352K, used 3981K [0x00000000e0000000, 0x00000000e4700000, 0x0000000100000000)
  eden space 31232K, 0% used [0x00000000e0000000,0x00000000e0000000,0x00000000e1e80000)
  from space 5120K, 77% used [0x00000000e2380000,0x00000000e27636d0,0x00000000e2880000)
  to   space 5120K, 0% used [0x00000000e1e80000,0x00000000e1e80000,0x00000000e2380000)
 ParOldGen       total 83456K, used 16K [0x00000000a0000000, 0x00000000a5180000, 0x00000000e0000000)
  object space 83456K, 0% used [0x00000000a0000000,0x00000000a0004000,0x00000000a5180000)
 Metaspace       used 7742K, capacity 8086K, committed 8320K, reserved 1056768K
  class space    used 994K, capacity 1081K, committed 1152K, reserved 1048576K
}
Event: 1,711 GC heap before
{Heap before GC invocations=3 (full 0):
 PSYoungGen      total 36352K, used 35213K [0x00000000e0000000, 0x00000000e4700000, 0x0000000100000000)
  eden space 31232K, 100% used [0x00000000e0000000,0x00000000e1e80000,0x00000000e1e80000)
  from space 5120K, 77% used [0x00000000e2380000,0x00000000e27636d0,0x00000000e2880000)
  to   space 5120K, 0% used [0x00000000e1e80000,0x00000000e1e80000,0x00000000e2380000)
 ParOldGen       total 83456K, used 16K [0x00000000a0000000, 0x00000000a5180000, 0x00000000e0000000)
  object space 83456K, 0% used [0x00000000a0000000,0x00000000a0004000,0x00000000a5180000)
 Metaspace       used 12229K, capacity 12616K, committed 12800K, reserved 1060864K
  class space    used 1669K, capacity 1764K, committed 1792K, reserved 1048576K
Event: 1,718 GC heap after
Heap after GC invocations=3 (full 0):
 PSYoungGen      total 36352K, used 5101K [0x00000000e0000000, 0x00000000e4700000, 0x0000000100000000)
  eden space 31232K, 0% used [0x00000000e0000000,0x00000000e0000000,0x00000000e1e80000)
  from space 5120K, 99% used [0x00000000e1e80000,0x00000000e237b430,0x00000000e2380000)
  to   space 5120K, 0% used [0x00000000e4200000,0x00000000e4200000,0x00000000e4700000)
 ParOldGen       total 83456K, used 1332K [0x00000000a0000000, 0x00000000a5180000, 0x00000000e0000000)
  object space 83456K, 1% used [0x00000000a0000000,0x00000000a014d2e8,0x00000000a5180000)
 Metaspace       used 12229K, capacity 12616K, committed 12800K, reserved 1060864K
  class space    used 1669K, capacity 1764K, committed 1792K, reserved 1048576K
}
Event: 2,578 GC heap before
{Heap before GC invocations=4 (full 0):
 PSYoungGen      total 36352K, used 36327K [0x00000000e0000000, 0x00000000e4700000, 0x0000000100000000)
  eden space 31232K, 99% used [0x00000000e0000000,0x00000000e1e7e7e0,0x00000000e1e80000)
  from space 5120K, 99% used [0x00000000e1e80000,0x00000000e237b430,0x00000000e2380000)
  to   space 5120K, 0% used [0x00000000e4200000,0x00000000e4200000,0x00000000e4700000)
 ParOldGen       total 83456K, used 1332K [0x00000000a0000000, 0x00000000a5180000, 0x00000000e0000000)
  object space 83456K, 1% used [0x00000000a0000000,0x00000000a014d2e8,0x00000000a5180000)
 Metaspace       used 14777K, capacity 15264K, committed 15616K, reserved 1062912K
  class space    used 2091K, capacity 2226K, committed 2304K, reserved 1048576K
Event: 2,595 GC heap after
Heap after GC invocations=4 (full 0):
 PSYoungGen      total 67584K, used 5103K [0x00000000e0000000, 0x00000000e4700000, 0x0000000100000000)
  eden space 62464K, 0% used [0x00000000e0000000,0x00000000e0000000,0x00000000e3d00000)
  from space 5120K, 99% used [0x00000000e4200000,0x00000000e46fbea8,0x00000000e4700000)
  to   space 5120K, 0% used [0x00000000e3d00000,0x00000000e3d00000,0x00000000e4200000)
 ParOldGen       total 83456K, used 3777K [0x00000000a0000000, 0x00000000a5180000, 0x00000000e0000000)
  object space 83456K, 4% used [0x00000000a0000000,0x00000000a03b0688,0x00000000a5180000)
 Metaspace       used 14777K, capacity 15264K, committed 15616K, reserved 1062912K
  class space    used 2091K, capacity 2226K, committed 2304K, reserved 1048576K
}
Event: 3,959 GC heap before
{Heap before GC invocations=5 (full 0):
 PSYoungGen      total 67584K, used 60476K [0x00000000e0000000, 0x00000000e4700000, 0x0000000100000000)
  eden space 62464K, 88% used [0x00000000e0000000,0x00000000e36134b8,0x00000000e3d00000)
  from space 5120K, 99% used [0x00000000e4200000,0x00000000e46fbea8,0x00000000e4700000)
  to   space 5120K, 0% used [0x00000000e3d00000,0x00000000e3d00000,0x00000000e4200000)
 ParOldGen       total 83456K, used 3777K [0x00000000a0000000, 0x00000000a5180000, 0x00000000e0000000)
  object space 83456K, 4% used [0x00000000a0000000,0x00000000a03b0688,0x00000000a5180000)
 Metaspace       used 20730K, capacity 21164K, committed 21296K, reserved 1067008K
  class space    used 2945K, capacity 3104K, committed 3120K, reserved 1048576K

