# JRE version: OpenJDK Runtime Environment (8.0_212) (build 1.8.0_212-release-1586-b4-5784211)
# Java VM: OpenJDK 64-Bit Server VM (25.212-b4-5784211 mixed mode linux-amd64 compressed oops)
Heap:
 PSYoungGen      total 181248K, used 19873K [0x00000000e0000000, 0x00000000f0100000, 0x0000000100000000)
  eden space 164864K, 2% used [0x00000000e0000000,0x00000000e036b440,0x00000000ea100000)
  from space 16384K, 99% used [0x00000000ea100000,0x00000000eb0fd318,0x00000000eb100000)
  to   space 21504K, 0% used [0x00000000eec00000,0x00000000eec00000,0x00000000f0100000)
 ParOldGen       total 109056K, used 22860K [0x00000000a0000000, 0x00000000a6a80000, 0x00000000e0000000)
  object space 109056K, 20% used [0x00000000a0000000,0x00000000a16530a0,0x00000000a6a80000)
 Metaspace       used 50514K, capacity 52020K, committed 52056K, reserved 1093632K
  class space    used 6897K, capacity 7291K, committed 7296K, reserved 1048576K
GC Heap History (10 events):
Event: 2,365 GC heap before
{Heap before GC invocations=5 (full 1):
 PSYoungGen      total 130048K, used 5088K [0x00000000e0000000, 0x00000000e8400000, 0x0000000100000000)
  eden space 124928K, 0% used [0x00000000e0000000,0x00000000e0000000,0x00000000e7a00000)
  from space 5120K, 99% used [0x00000000e7f00000,0x00000000e83f8030,0x00000000e8400000)
  to   space 5120K, 0% used [0x00000000e7a00000,0x00000000e7a00000,0x00000000e7f00000)
 ParOldGen       total 83456K, used 11342K [0x00000000a0000000, 0x00000000a5180000, 0x00000000e0000000)
  object space 83456K, 13% used [0x00000000a0000000,0x00000000a0b13820,0x00000000a5180000)
 Metaspace       used 20763K, capacity 21132K, committed 21248K, reserved 1067008K
  class space    used 2945K, capacity 3072K, committed 3072K, reserved 1048576K
Event: 2,446 GC heap after
Heap after GC invocations=5 (full 1):
 PSYoungGen      total 130048K, used 0K [0x00000000e0000000, 0x00000000e8400000, 0x0000000100000000)
  eden space 124928K, 0% used [0x00000000e0000000,0x00000000e0000000,0x00000000e7a00000)
  from space 5120K, 0% used [0x00000000e7f00000,0x00000000e7f00000,0x00000000e8400000)
  to   space 5120K, 0% used [0x00000000e7a00000,0x00000000e7a00000,0x00000000e7f00000)
 ParOldGen       total 69632K, used 11786K [0x00000000a0000000, 0x00000000a4400000, 0x00000000e0000000)
  object space 69632K, 16% used [0x00000000a0000000,0x00000000a0b82a90,0x00000000a4400000)
 Metaspace       used 20763K, capacity 21132K, committed 21248K, reserved 1067008K
  class space    used 2945K, capacity 3072K, committed 3072K, reserved 1048576K
}
Event: 5,042 GC heap before
{Heap before GC invocations=6 (full 1):
 PSYoungGen      total 130048K, used 124928K [0x00000000e0000000, 0x00000000e8400000, 0x0000000100000000)
  eden space 124928K, 100% used [0x00000000e0000000,0x00000000e7a00000,0x00000000e7a00000)
  from space 5120K, 0% used [0x00000000e7f00000,0x00000000e7f00000,0x00000000e8400000)
  to   space 5120K, 0% used [0x00000000e7a00000,0x00000000e7a00000,0x00000000e7f00000)
 ParOldGen       total 69632K, used 11786K [0x00000000a0000000, 0x00000000a4400000, 0x00000000e0000000)
  object space 69632K, 16% used [0x00000000a0000000,0x00000000a0b82a90,0x00000000a4400000)
 Metaspace       used 31210K, capacity 31654K, committed 31872K, reserved 1077248K
  class space    used 4291K, capacity 4438K, committed 4480K, reserved 1048576K
Event: 5,057 GC heap after
Heap after GC invocations=6 (full 1):
 PSYoungGen      total 130048K, used 5104K [0x00000000e0000000, 0x00000000ec400000, 0x0000000100000000)
  eden space 124928K, 0% used [0x00000000e0000000,0x00000000e0000000,0x00000000e7a00000)
  from space 5120K, 99% used [0x00000000e7a00000,0x00000000e7efc010,0x00000000e7f00000)
  to   space 15360K, 0% used [0x00000000eb500000,0x00000000eb500000,0x00000000ec400000)
 ParOldGen       total 69632K, used 18451K [0x00000000a0000000, 0x00000000a4400000, 0x00000000e0000000)
  object space 69632K, 26% used [0x00000000a0000000,0x00000000a1204e50,0x00000000a4400000)
 Metaspace       used 31210K, capacity 31654K, committed 31872K, reserved 1077248K
  class space    used 4291K, capacity 4438K, committed 4480K, reserved 1048576K
}
Event: 8,716 GC heap before
{Heap before GC invocations=7 (full 1):
 PSYoungGen      total 130048K, used 78566K [0x00000000e0000000, 0x00000000ec400000, 0x0000000100000000)
  eden space 124928K, 58% used [0x00000000e0000000,0x00000000e47bd990,0x00000000e7a00000)
  from space 5120K, 99% used [0x00000000e7a00000,0x00000000e7efc010,0x00000000e7f00000)
  to   space 15360K, 0% used [0x00000000eb500000,0x00000000eb500000,0x00000000ec400000)
 ParOldGen       total 69632K, used 18451K [0x00000000a0000000, 0x00000000a4400000, 0x00000000e0000000)
  object space 69632K, 26% used [0x00000000a0000000,0x00000000a1204e50,0x00000000a4400000)
 Metaspace       used 34501K, capacity 35370K, committed 35416K, reserved 1079296K
  class space    used 4753K, capacity 4986K, committed 4992K, reserved 1048576K
Event: 8,738 GC heap after
Heap after GC invocations=7 (full 1):
 PSYoungGen      total 177152K, used 11784K [0x00000000e0000000, 0x00000000ec100000, 0x0000000100000000)
  eden space 164864K, 0% used [0x00000000e0000000,0x00000000e0000000,0x00000000ea100000)
  from space 12288K, 95% used [0x00000000eb500000,0x00000000ec082060,0x00000000ec100000)
  to   space 16384K, 0% used [0x00000000ea100000,0x00000000ea100000,0x00000000eb100000)
 ParOldGen       total 69632K, used 18459K [0x00000000a0000000, 0x00000000a4400000, 0x00000000e0000000)
  object space 69632K, 26% used [0x00000000a0000000,0x00000000a1206e50,0x00000000a4400000)
 Metaspace       used 34501K, capacity 35370K, committed 35416K, reserved 1079296K
  class space    used 4753K, capacity 4986K, committed 4992K, reserved 1048576K
}
Event: 8,738 GC heap before
{Heap before GC invocations=8 (full 2):
 PSYoungGen      total 177152K, used 11784K [0x00000000e0000000, 0x00000000ec100000, 0x0000000100000000)
  eden space 164864K, 0% used [0x00000000e0000000,0x00000000e0000000,0x00000000ea100000)
  from space 12288K, 95% used [0x00000000eb500000,0x00000000ec082060,0x00000000ec100000)
  to   space 16384K, 0% used [0x00000000ea100000,0x00000000ea100000,0x00000000eb100000)
 ParOldGen       total 69632K, used 18459K [0x00000000a0000000, 0x00000000a4400000, 0x00000000e0000000)
  object space 69632K, 26% used [0x00000000a0000000,0x00000000a1206e50,0x00000000a4400000)
 Metaspace       used 34501K, capacity 35370K, committed 35416K, reserved 1079296K
  class space    used 4753K, capacity 4986K, committed 4992K, reserved 1048576K
Event: 8,850 GC heap after
Heap after GC invocations=8 (full 2):
 PSYoungGen      total 177152K, used 0K [0x00000000e0000000, 0x00000000ec100000, 0x0000000100000000)
  eden space 164864K, 0% used [0x00000000e0000000,0x00000000e0000000,0x00000000ea100000)
  from space 12288K, 0% used [0x00000000eb500000,0x00000000eb500000,0x00000000ec100000)
  to   space 16384K, 0% used [0x00000000ea100000,0x00000000ea100000,0x00000000eb100000)
 ParOldGen       total 109056K, used 18420K [0x00000000a0000000, 0x00000000a6a80000, 0x00000000e0000000)
  object space 109056K, 16% used [0x00000000a0000000,0x00000000a11fd380,0x00000000a6a80000)
 Metaspace       used 34489K, capacity 35328K, committed 35416K, reserved 1079296K
  class space    used 4749K, capacity 4979K, committed 4992K, reserved 1048576K
}
Event: 13,918 GC heap before
{Heap before GC invocations=9 (full 2):
 PSYoungGen      total 177152K, used 164864K [0x00000000e0000000, 0x00000000ec100000, 0x0000000100000000)
  eden space 164864K, 100% used [0x00000000e0000000,0x00000000ea100000,0x00000000ea100000)
  from space 12288K, 0% used [0x00000000eb500000,0x00000000eb500000,0x00000000ec100000)
  to   space 16384K, 0% used [0x00000000ea100000,0x00000000ea100000,0x00000000eb100000)
 ParOldGen       total 109056K, used 18420K [0x00000000a0000000, 0x00000000a6a80000, 0x00000000e0000000)
  object space 109056K, 16% used [0x00000000a0000000,0x00000000a11fd380,0x00000000a6a80000)
 Metaspace       used 50221K, capacity 51698K, committed 51800K, reserved 1093632K
  class space    used 6846K, capacity 7212K, committed 7296K, reserved 1048576K
Event: 13,941 GC heap after
Heap after GC invocations=9 (full 2):
 PSYoungGen      total 181248K, used 16372K [0x00000000e0000000, 0x00000000f0100000, 0x0000000100000000)
  eden space 164864K, 0% used [0x00000000e0000000,0x00000000e0000000,0x00000000ea100000)
  from space 16384K, 99% used [0x00000000ea100000,0x00000000eb0fd318,0x00000000eb100000)
  to   space 21504K, 0% used [0x00000000eec00000,0x00000000eec00000,0x00000000f0100000)
 ParOldGen       total 109056K, used 22860K [0x00000000a0000000, 0x00000000a6a80000, 0x00000000e0000000)
  object space 109056K, 20% used [0x00000000a0000000,0x00000000a16530a0,0x00000000a6a80000)
 Metaspace       used 50221K, capacity 51698K, committed 51800K, reserved 1093632K
  class space    used 6846K, capacity 7212K, committed 7296K, reserved 1048576K
}

