# JRE version: OpenJDK Runtime Environment (8.0_212) (build 1.8.0_212-release-1586-b4-5784211)
# Java VM: OpenJDK 64-Bit Server VM (25.212-b4-5784211 mixed mode linux-amd64 compressed oops)
Heap:
 PSYoungGen      total 93696K, used 67508K [0x00000000e0000000, 0x00000000e8d80000, 0x0000000100000000)
  eden space 86016K, 70% used [0x00000000e0000000,0x00000000e3ade9d8,0x00000000e5400000)
  from space 7680K, 94% used [0x00000000e8600000,0x00000000e8d0e768,0x00000000e8d80000)
  to   space 11776K, 0% used [0x00000000e7680000,0x00000000e7680000,0x00000000e8200000)
 ParOldGen       total 68096K, used 11501K [0x00000000a0000000, 0x00000000a4280000, 0x00000000e0000000)
  object space 68096K, 16% used [0x00000000a0000000,0x00000000a0b3b680,0x00000000a4280000)
 Metaspace       used 31080K, capacity 31558K, committed 31872K, reserved 1077248K
  class space    used 4270K, capacity 4406K, committed 4480K, reserved 1048576K
GC Heap History (10 events):
Event: 1,300 GC heap before
{Heap before GC invocations=3 (full 0):
 PSYoungGen      total 36352K, used 35265K [0x00000000e0000000, 0x00000000e4700000, 0x0000000100000000)
  eden space 31232K, 100% used [0x00000000e0000000,0x00000000e1e80000,0x00000000e1e80000)
  from space 5120K, 78% used [0x00000000e2380000,0x00000000e27704f0,0x00000000e2880000)
  to   space 5120K, 0% used [0x00000000e1e80000,0x00000000e1e80000,0x00000000e2380000)
 ParOldGen       total 83456K, used 16K [0x00000000a0000000, 0x00000000a5180000, 0x00000000e0000000)
  object space 83456K, 0% used [0x00000000a0000000,0x00000000a0004000,0x00000000a5180000)
 Metaspace       used 12246K, capacity 12616K, committed 12800K, reserved 1060864K
  class space    used 1680K, capacity 1764K, committed 1792K, reserved 1048576K
Event: 1,312 GC heap after
Heap after GC invocations=3 (full 0):
 PSYoungGen      total 36352K, used 5117K [0x00000000e0000000, 0x00000000e4700000, 0x0000000100000000)
  eden space 31232K, 0% used [0x00000000e0000000,0x00000000e0000000,0x00000000e1e80000)
  from space 5120K, 99% used [0x00000000e1e80000,0x00000000e237f420,0x00000000e2380000)
  to   space 5120K, 0% used [0x00000000e4200000,0x00000000e4200000,0x00000000e4700000)
 ParOldGen       total 83456K, used 1318K [0x00000000a0000000, 0x00000000a5180000, 0x00000000e0000000)
  object space 83456K, 1% used [0x00000000a0000000,0x00000000a0149b68,0x00000000a5180000)
 Metaspace       used 12246K, capacity 12616K, committed 12800K, reserved 1060864K
  class space    used 1680K, capacity 1764K, committed 1792K, reserved 1048576K
}
Event: 1,596 GC heap before
{Heap before GC invocations=4 (full 0):
 PSYoungGen      total 36352K, used 36349K [0x00000000e0000000, 0x00000000e4700000, 0x0000000100000000)
  eden space 31232K, 100% used [0x00000000e0000000,0x00000000e1e80000,0x00000000e1e80000)
  from space 5120K, 99% used [0x00000000e1e80000,0x00000000e237f420,0x00000000e2380000)
  to   space 5120K, 0% used [0x00000000e4200000,0x00000000e4200000,0x00000000e4700000)
 ParOldGen       total 83456K, used 1318K [0x00000000a0000000, 0x00000000a5180000, 0x00000000e0000000)
  object space 83456K, 1% used [0x00000000a0000000,0x00000000a0149b68,0x00000000a5180000)
 Metaspace       used 14940K, capacity 15472K, committed 15616K, reserved 1062912K
  class space    used 2114K, capacity 2296K, committed 2304K, reserved 1048576K
Event: 1,607 GC heap after
Heap after GC invocations=4 (full 0):
 PSYoungGen      total 67584K, used 5104K [0x00000000e0000000, 0x00000000e4700000, 0x0000000100000000)
  eden space 62464K, 0% used [0x00000000e0000000,0x00000000e0000000,0x00000000e3d00000)
  from space 5120K, 99% used [0x00000000e4200000,0x00000000e46fc3f0,0x00000000e4700000)
  to   space 5120K, 0% used [0x00000000e3d00000,0x00000000e3d00000,0x00000000e4200000)
 ParOldGen       total 83456K, used 3814K [0x00000000a0000000, 0x00000000a5180000, 0x00000000e0000000)
  object space 83456K, 4% used [0x00000000a0000000,0x00000000a03b98e8,0x00000000a5180000)
 Metaspace       used 14940K, capacity 15472K, committed 15616K, reserved 1062912K
  class space    used 2114K, capacity 2296K, committed 2304K, reserved 1048576K
}
Event: 2,249 GC heap before
{Heap before GC invocations=5 (full 0):
 PSYoungGen      total 67584K, used 59336K [0x00000000e0000000, 0x00000000e4700000, 0x0000000100000000)
  eden space 62464K, 86% used [0x00000000e0000000,0x00000000e34f5cc8,0x00000000e3d00000)
  from space 5120K, 99% used [0x00000000e4200000,0x00000000e46fc3f0,0x00000000e4700000)
  to   space 5120K, 0% used [0x00000000e3d00000,0x00000000e3d00000,0x00000000e4200000)
 ParOldGen       total 83456K, used 3814K [0x00000000a0000000, 0x00000000a5180000, 0x00000000e0000000)
  object space 83456K, 4% used [0x00000000a0000000,0x00000000a03b98e8,0x00000000a5180000)
 Metaspace       used 20755K, capacity 21132K, committed 21248K, reserved 1067008K
  class space    used 2944K, capacity 3072K, committed 3072K, reserved 1048576K
Event: 2,266 GC heap after
Heap after GC invocations=5 (full 0):
 PSYoungGen      total 67584K, used 5092K [0x00000000e0000000, 0x00000000e9200000, 0x0000000100000000)
  eden space 62464K, 0% used [0x00000000e0000000,0x00000000e0000000,0x00000000e3d00000)
  from space 5120K, 99% used [0x00000000e3d00000,0x00000000e41f9080,0x00000000e4200000)
  to   space 12288K, 0% used [0x00000000e8600000,0x00000000e8600000,0x00000000e9200000)
 ParOldGen       total 83456K, used 10537K [0x00000000a0000000, 0x00000000a5180000, 0x00000000e0000000)
  object space 83456K, 12% used [0x00000000a0000000,0x00000000a0a4a4a8,0x00000000a5180000)
 Metaspace       used 20755K, capacity 21132K, committed 21248K, reserved 1067008K
  class space    used 2944K, capacity 3072K, committed 3072K, reserved 1048576K
}
Event: 2,267 GC heap before
{Heap before GC invocations=6 (full 1):
 PSYoungGen      total 67584K, used 5092K [0x00000000e0000000, 0x00000000e9200000, 0x0000000100000000)
  eden space 62464K, 0% used [0x00000000e0000000,0x00000000e0000000,0x00000000e3d00000)
  from space 5120K, 99% used [0x00000000e3d00000,0x00000000e41f9080,0x00000000e4200000)
  to   space 12288K, 0% used [0x00000000e8600000,0x00000000e8600000,0x00000000e9200000)
 ParOldGen       total 83456K, used 10537K [0x00000000a0000000, 0x00000000a5180000, 0x00000000e0000000)
  object space 83456K, 12% used [0x00000000a0000000,0x00000000a0a4a4a8,0x00000000a5180000)
 Metaspace       used 20755K, capacity 21132K, committed 21248K, reserved 1067008K
  class space    used 2944K, capacity 3072K, committed 3072K, reserved 1048576K
Event: 2,353 GC heap after
Heap after GC invocations=6 (full 1):
 PSYoungGen      total 67584K, used 0K [0x00000000e0000000, 0x00000000e9200000, 0x0000000100000000)
  eden space 62464K, 0% used [0x00000000e0000000,0x00000000e0000000,0x00000000e3d00000)
  from space 5120K, 0% used [0x00000000e3d00000,0x00000000e3d00000,0x00000000e4200000)
  to   space 12288K, 0% used [0x00000000e8600000,0x00000000e8600000,0x00000000e9200000)
 ParOldGen       total 68096K, used 11493K [0x00000000a0000000, 0x00000000a4280000, 0x00000000e0000000)
  object space 68096K, 16% used [0x00000000a0000000,0x00000000a0b39680,0x00000000a4280000)
 Metaspace       used 20755K, capacity 21132K, committed 21248K, reserved 1067008K
  class space    used 2944K, capacity 3072K, committed 3072K, reserved 1048576K
}
Event: 3,323 GC heap before
{Heap before GC invocations=7 (full 1):
 PSYoungGen      total 67584K, used 62464K [0x00000000e0000000, 0x00000000e9200000, 0x0000000100000000)
  eden space 62464K, 100% used [0x00000000e0000000,0x00000000e3d00000,0x00000000e3d00000)
  from space 5120K, 0% used [0x00000000e3d00000,0x00000000e3d00000,0x00000000e4200000)
  to   space 12288K, 0% used [0x00000000e8600000,0x00000000e8600000,0x00000000e9200000)
 ParOldGen       total 68096K, used 11493K [0x00000000a0000000, 0x00000000a4280000, 0x00000000e0000000)
  object space 68096K, 16% used [0x00000000a0000000,0x00000000a0b39680,0x00000000a4280000)
 Metaspace       used 28347K, capacity 28872K, committed 29184K, reserved 1075200K
  class space    used 3827K, capacity 3980K, committed 4096K, reserved 1048576K
Event: 3,338 GC heap after
Heap after GC invocations=7 (full 1):
 PSYoungGen      total 93696K, used 7225K [0x00000000e0000000, 0x00000000e8d80000, 0x0000000100000000)
  eden space 86016K, 0% used [0x00000000e0000000,0x00000000e0000000,0x00000000e5400000)
  from space 7680K, 94% used [0x00000000e8600000,0x00000000e8d0e768,0x00000000e8d80000)
  to   space 11776K, 0% used [0x00000000e7680000,0x00000000e7680000,0x00000000e8200000)
 ParOldGen       total 68096K, used 11501K [0x00000000a0000000, 0x00000000a4280000, 0x00000000e0000000)
  object space 68096K, 16% used [0x00000000a0000000,0x00000000a0b3b680,0x00000000a4280000)
 Metaspace       used 28347K, capacity 28872K, committed 29184K, reserved 1075200K
  class space    used 3827K, capacity 3980K, committed 4096K, reserved 1048576K
}

