# JRE version: OpenJDK Runtime Environment (8.0_212) (build 1.8.0_212-release-1586-b4-5784211)
# Java VM: OpenJDK 64-Bit Server VM (25.212-b4-5784211 mixed mode linux-amd64 compressed oops)
Heap:
 PSYoungGen      total 130048K, used 105469K [0x00000000e0000000, 0x00000000e8400000, 0x0000000100000000)
  eden space 124928K, 84% used [0x00000000e0000000,0x00000000e66ff5e0,0x00000000e7a00000)
  from space 5120K, 0% used [0x00000000e7f00000,0x00000000e7f00000,0x00000000e8400000)
  to   space 5120K, 0% used [0x00000000e7a00000,0x00000000e7a00000,0x00000000e7f00000)
 ParOldGen       total 75264K, used 11873K [0x00000000a0000000, 0x00000000a4980000, 0x00000000e0000000)
  object space 75264K, 15% used [0x00000000a0000000,0x00000000a0b98770,0x00000000a4980000)
 Metaspace       used 30100K, capacity 30566K, committed 30976K, reserved 1075200K
  class space    used 4101K, capacity 4246K, committed 4352K, reserved 1048576K
GC Heap History (10 events):
Event: 0,607 GC heap before
{Heap before GC invocations=1 (full 0):
 PSYoungGen      total 36352K, used 31232K [0x00000000e0000000, 0x00000000e2880000, 0x0000000100000000)
  eden space 31232K, 100% used [0x00000000e0000000,0x00000000e1e80000,0x00000000e1e80000)
  from space 5120K, 0% used [0x00000000e2380000,0x00000000e2380000,0x00000000e2880000)
  to   space 5120K, 0% used [0x00000000e1e80000,0x00000000e1e80000,0x00000000e2380000)
 ParOldGen       total 83456K, used 0K [0x00000000a0000000, 0x00000000a5180000, 0x00000000e0000000)
  object space 83456K, 0% used [0x00000000a0000000,0x00000000a0000000,0x00000000a5180000)
 Metaspace       used 6922K, capacity 7196K, committed 7424K, reserved 1056768K
  class space    used 848K, capacity 912K, committed 1024K, reserved 1048576K
Event: 0,613 GC heap after
Heap after GC invocations=1 (full 0):
 PSYoungGen      total 36352K, used 4310K [0x00000000e0000000, 0x00000000e4700000, 0x0000000100000000)
  eden space 31232K, 0% used [0x00000000e0000000,0x00000000e0000000,0x00000000e1e80000)
  from space 5120K, 84% used [0x00000000e1e80000,0x00000000e22b59f0,0x00000000e2380000)
  to   space 5120K, 0% used [0x00000000e4200000,0x00000000e4200000,0x00000000e4700000)
 ParOldGen       total 83456K, used 8K [0x00000000a0000000, 0x00000000a5180000, 0x00000000e0000000)
  object space 83456K, 0% used [0x00000000a0000000,0x00000000a0002000,0x00000000a5180000)
 Metaspace       used 6922K, capacity 7196K, committed 7424K, reserved 1056768K
  class space    used 848K, capacity 912K, committed 1024K, reserved 1048576K
}
Event: 0,860 GC heap before
{Heap before GC invocations=2 (full 0):
 PSYoungGen      total 36352K, used 35542K [0x00000000e0000000, 0x00000000e4700000, 0x0000000100000000)
  eden space 31232K, 100% used [0x00000000e0000000,0x00000000e1e80000,0x00000000e1e80000)
  from space 5120K, 84% used [0x00000000e1e80000,0x00000000e22b59f0,0x00000000e2380000)
  to   space 5120K, 0% used [0x00000000e4200000,0x00000000e4200000,0x00000000e4700000)
 ParOldGen       total 83456K, used 8K [0x00000000a0000000, 0x00000000a5180000, 0x00000000e0000000)
  object space 83456K, 0% used [0x00000000a0000000,0x00000000a0002000,0x00000000a5180000)
 Metaspace       used 7769K, capacity 8086K, committed 8320K, reserved 1056768K
  class space    used 999K, capacity 1081K, committed 1152K, reserved 1048576K
Event: 0,865 GC heap after
Heap after GC invocations=2 (full 0):
 PSYoungGen      total 67584K, used 3981K [0x00000000e0000000, 0x00000000e4700000, 0x0000000100000000)
  eden space 62464K, 0% used [0x00000000e0000000,0x00000000e0000000,0x00000000e3d00000)
  from space 5120K, 77% used [0x00000000e4200000,0x00000000e45e36d0,0x00000000e4700000)
  to   space 5120K, 0% used [0x00000000e3d00000,0x00000000e3d00000,0x00000000e4200000)
 ParOldGen       total 83456K, used 16K [0x00000000a0000000, 0x00000000a5180000, 0x00000000e0000000)
  object space 83456K, 0% used [0x00000000a0000000,0x00000000a0004000,0x00000000a5180000)
 Metaspace       used 7769K, capacity 8086K, committed 8320K, reserved 1056768K
  class space    used 999K, capacity 1081K, committed 1152K, reserved 1048576K
}
Event: 1,598 GC heap before
{Heap before GC invocations=3 (full 0):
 PSYoungGen      total 67584K, used 66445K [0x00000000e0000000, 0x00000000e4700000, 0x0000000100000000)
  eden space 62464K, 100% used [0x00000000e0000000,0x00000000e3d00000,0x00000000e3d00000)
  from space 5120K, 77% used [0x00000000e4200000,0x00000000e45e36d0,0x00000000e4700000)
  to   space 5120K, 0% used [0x00000000e3d00000,0x00000000e3d00000,0x00000000e4200000)
 ParOldGen       total 83456K, used 16K [0x00000000a0000000, 0x00000000a5180000, 0x00000000e0000000)
  object space 83456K, 0% used [0x00000000a0000000,0x00000000a0004000,0x00000000a5180000)
 Metaspace       used 14411K, capacity 14804K, committed 14976K, reserved 1062912K
  class space    used 2036K, capacity 2154K, committed 2176K, reserved 1048576K
Event: 1,611 GC heap after
Heap after GC invocations=3 (full 0):
 PSYoungGen      total 67584K, used 5104K [0x00000000e0000000, 0x00000000e8400000, 0x0000000100000000)
  eden space 62464K, 0% used [0x00000000e0000000,0x00000000e0000000,0x00000000e3d00000)
  from space 5120K, 99% used [0x00000000e3d00000,0x00000000e41fc040,0x00000000e4200000)
  to   space 5120K, 0% used [0x00000000e7f00000,0x00000000e7f00000,0x00000000e8400000)
 ParOldGen       total 83456K, used 4258K [0x00000000a0000000, 0x00000000a5180000, 0x00000000e0000000)
  object space 83456K, 5% used [0x00000000a0000000,0x00000000a04289d0,0x00000000a5180000)
 Metaspace       used 14411K, capacity 14804K, committed 14976K, reserved 1062912K
  class space    used 2036K, capacity 2154K, committed 2176K, reserved 1048576K
}
Event: 2,366 GC heap before
{Heap before GC invocations=4 (full 0):
 PSYoungGen      total 67584K, used 63228K [0x00000000e0000000, 0x00000000e8400000, 0x0000000100000000)
  eden space 62464K, 93% used [0x00000000e0000000,0x00000000e38c3088,0x00000000e3d00000)
  from space 5120K, 99% used [0x00000000e3d00000,0x00000000e41fc040,0x00000000e4200000)
  to   space 5120K, 0% used [0x00000000e7f00000,0x00000000e7f00000,0x00000000e8400000)
 ParOldGen       total 83456K, used 4258K [0x00000000a0000000, 0x00000000a5180000, 0x00000000e0000000)
  object space 83456K, 5% used [0x00000000a0000000,0x00000000a04289d0,0x00000000a5180000)
 Metaspace       used 20752K, capacity 21132K, committed 21248K, reserved 1067008K
  class space    used 2945K, capacity 3072K, committed 3072K, reserved 1048576K
Event: 2,391 GC heap after
Heap after GC invocations=4 (full 0):
 PSYoungGen      total 130048K, used 5092K [0x00000000e0000000, 0x00000000e8400000, 0x0000000100000000)
  eden space 124928K, 0% used [0x00000000e0000000,0x00000000e0000000,0x00000000e7a00000)
  from space 5120K, 99% used [0x00000000e7f00000,0x00000000e83f9060,0x00000000e8400000)
  to   space 5120K, 0% used [0x00000000e7a00000,0x00000000e7a00000,0x00000000e7f00000)
 ParOldGen       total 83456K, used 11362K [0x00000000a0000000, 0x00000000a5180000, 0x00000000e0000000)
  object space 83456K, 13% used [0x00000000a0000000,0x00000000a0b18bf8,0x00000000a5180000)
 Metaspace       used 20752K, capacity 21132K, committed 21248K, reserved 1067008K
  class space    used 2945K, capacity 3072K, committed 3072K, reserved 1048576K
}
Event: 2,391 GC heap before
{Heap before GC invocations=5 (full 1):
 PSYoungGen      total 130048K, used 5092K [0x00000000e0000000, 0x00000000e8400000, 0x0000000100000000)
  eden space 124928K, 0% used [0x00000000e0000000,0x00000000e0000000,0x00000000e7a00000)
  from space 5120K, 99% used [0x00000000e7f00000,0x00000000e83f9060,0x00000000e8400000)
  to   space 5120K, 0% used [0x00000000e7a00000,0x00000000e7a00000,0x00000000e7f00000)
 ParOldGen       total 83456K, used 11362K [0x00000000a0000000, 0x00000000a5180000, 0x00000000e0000000)
  object space 83456K, 13% used [0x00000000a0000000,0x00000000a0b18bf8,0x00000000a5180000)
 Metaspace       used 20752K, capacity 21132K, committed 21248K, reserved 1067008K
  class space    used 2945K, capacity 3072K, committed 3072K, reserved 1048576K
Event: 2,540 GC heap after
Heap after GC invocations=5 (full 1):
 PSYoungGen      total 130048K, used 0K [0x00000000e0000000, 0x00000000e8400000, 0x0000000100000000)
  eden space 124928K, 0% used [0x00000000e0000000,0x00000000e0000000,0x00000000e7a00000)
  from space 5120K, 0% used [0x00000000e7f00000,0x00000000e7f00000,0x00000000e8400000)
  to   space 5120K, 0% used [0x00000000e7a00000,0x00000000e7a00000,0x00000000e7f00000)
 ParOldGen       total 75264K, used 11873K [0x00000000a0000000, 0x00000000a4980000, 0x00000000e0000000)
  object space 75264K, 15% used [0x00000000a0000000,0x00000000a0b98770,0x00000000a4980000)
 Metaspace       used 20752K, capacity 21132K, committed 21248K, reserved 1067008K
  class space    used 2945K, capacity 3072K, committed 3072K, reserved 1048576K
}

