# JRE version: OpenJDK Runtime Environment (8.0_212) (build 1.8.0_212-release-1586-b4-5784211)
# Java VM: OpenJDK 64-Bit Server VM (25.212-b4-5784211 mixed mode linux-amd64 compressed oops)
Heap:
 PSYoungGen      total 311808K, used 216470K [0x00000000e0000000, 0x00000000f9500000, 0x0000000100000000)
  eden space 273408K, 65% used [0x00000000e0000000,0x00000000eade6360,0x00000000f0b00000)
  from space 38400K, 99% used [0x00000000f4400000,0x00000000f697f748,0x00000000f6980000)
  to   space 58368K, 0% used [0x00000000f0b00000,0x00000000f0b00000,0x00000000f4400000)
 ParOldGen       total 164864K, used 97755K [0x00000000a0000000, 0x00000000aa100000, 0x00000000e0000000)
  object space 164864K, 59% used [0x00000000a0000000,0x00000000a5f76fb0,0x00000000aa100000)
 Metaspace       used 81478K, capacity 84835K, committed 84904K, reserved 1122304K
  class space    used 10956K, capacity 11676K, committed 11696K, reserved 1048576K
GC Heap History (10 events):
Event: 19,801 GC heap before
{Heap before GC invocations=11 (full 3):
 PSYoungGen      total 247296K, used 22006K [0x00000000e0000000, 0x00000000f1a00000, 0x0000000100000000)
  eden space 225280K, 0% used [0x00000000e0000000,0x00000000e0000000,0x00000000edc00000)
  from space 22016K, 99% used [0x00000000ef680000,0x00000000f0bfdae8,0x00000000f0c00000)
  to   space 27136K, 0% used [0x00000000edc00000,0x00000000edc00000,0x00000000ef680000)
 ParOldGen       total 108544K, used 27470K [0x00000000a0000000, 0x00000000a6a00000, 0x00000000e0000000)
  object space 108544K, 25% used [0x00000000a0000000,0x00000000a1ad3828,0x00000000a6a00000)
 Metaspace       used 57218K, capacity 59077K, committed 59160K, reserved 1099776K
  class space    used 7893K, capacity 8368K, committed 8368K, reserved 1048576K
Event: 20,198 GC heap after
Heap after GC invocations=11 (full 3):
 PSYoungGen      total 247296K, used 0K [0x00000000e0000000, 0x00000000f1a00000, 0x0000000100000000)
  eden space 225280K, 0% used [0x00000000e0000000,0x00000000e0000000,0x00000000edc00000)
  from space 22016K, 0% used [0x00000000ef680000,0x00000000ef680000,0x00000000f0c00000)
  to   space 27136K, 0% used [0x00000000edc00000,0x00000000edc00000,0x00000000ef680000)
 ParOldGen       total 164864K, used 40943K [0x00000000a0000000, 0x00000000aa100000, 0x00000000e0000000)
  object space 164864K, 24% used [0x00000000a0000000,0x00000000a27fbd68,0x00000000aa100000)
 Metaspace       used 57218K, capacity 59077K, committed 59160K, reserved 1099776K
  class space    used 7893K, capacity 8368K, committed 8368K, reserved 1048576K
}
Event: 26,174 GC heap before
{Heap before GC invocations=12 (full 3):
 PSYoungGen      total 247296K, used 225280K [0x00000000e0000000, 0x00000000f1a00000, 0x0000000100000000)
  eden space 225280K, 100% used [0x00000000e0000000,0x00000000edc00000,0x00000000edc00000)
  from space 22016K, 0% used [0x00000000ef680000,0x00000000ef680000,0x00000000f0c00000)
  to   space 27136K, 0% used [0x00000000edc00000,0x00000000edc00000,0x00000000ef680000)
 ParOldGen       total 164864K, used 40943K [0x00000000a0000000, 0x00000000aa100000, 0x00000000e0000000)
  object space 164864K, 24% used [0x00000000a0000000,0x00000000a27fbd68,0x00000000aa100000)
 Metaspace       used 60883K, capacity 63039K, committed 63144K, reserved 1103872K
  class space    used 8320K, capacity 8842K, committed 8880K, reserved 1048576K
Event: 26,201 GC heap after
Heap after GC invocations=12 (full 3):
 PSYoungGen      total 252416K, used 17945K [0x00000000e0000000, 0x00000000f3380000, 0x0000000100000000)
  eden space 225280K, 0% used [0x00000000e0000000,0x00000000e0000000,0x00000000edc00000)
  from space 27136K, 66% used [0x00000000edc00000,0x00000000eed867a8,0x00000000ef680000)
  to   space 27648K, 0% used [0x00000000f1880000,0x00000000f1880000,0x00000000f3380000)
 ParOldGen       total 164864K, used 40951K [0x00000000a0000000, 0x00000000aa100000, 0x00000000e0000000)
  object space 164864K, 24% used [0x00000000a0000000,0x00000000a27fdd68,0x00000000aa100000)
 Metaspace       used 60883K, capacity 63039K, committed 63144K, reserved 1103872K
  class space    used 8320K, capacity 8842K, committed 8880K, reserved 1048576K
}
Event: 30,960 GC heap before
{Heap before GC invocations=13 (full 3):
 PSYoungGen      total 252416K, used 243225K [0x00000000e0000000, 0x00000000f3380000, 0x0000000100000000)
  eden space 225280K, 100% used [0x00000000e0000000,0x00000000edc00000,0x00000000edc00000)
  from space 27136K, 66% used [0x00000000edc00000,0x00000000eed867a8,0x00000000ef680000)
  to   space 27648K, 0% used [0x00000000f1880000,0x00000000f1880000,0x00000000f3380000)
 ParOldGen       total 164864K, used 40951K [0x00000000a0000000, 0x00000000aa100000, 0x00000000e0000000)
  object space 164864K, 24% used [0x00000000a0000000,0x00000000a27fdd68,0x00000000aa100000)
 Metaspace       used 63783K, capacity 66093K, committed 66344K, reserved 1105920K
  class space    used 8649K, capacity 9177K, committed 9264K, reserved 1048576K
Event: 30,999 GC heap after
Heap after GC invocations=13 (full 3):
 PSYoungGen      total 286208K, used 16696K [0x00000000e0000000, 0x00000000f3300000, 0x0000000100000000)
  eden space 259072K, 0% used [0x00000000e0000000,0x00000000e0000000,0x00000000efd00000)
  from space 27136K, 61% used [0x00000000f1880000,0x00000000f28ce190,0x00000000f3300000)
  to   space 27648K, 0% used [0x00000000efd00000,0x00000000efd00000,0x00000000f1800000)
 ParOldGen       total 164864K, used 40959K [0x00000000a0000000, 0x00000000aa100000, 0x00000000e0000000)
  object space 164864K, 24% used [0x00000000a0000000,0x00000000a27ffd68,0x00000000aa100000)
 Metaspace       used 63783K, capacity 66093K, committed 66344K, reserved 1105920K
  class space    used 8649K, capacity 9177K, committed 9264K, reserved 1048576K
}
Event: 50,002 GC heap before
{Heap before GC invocations=14 (full 3):
 PSYoungGen      total 286208K, used 275768K [0x00000000e0000000, 0x00000000f3300000, 0x0000000100000000)
  eden space 259072K, 100% used [0x00000000e0000000,0x00000000efd00000,0x00000000efd00000)
  from space 27136K, 61% used [0x00000000f1880000,0x00000000f28ce190,0x00000000f3300000)
  to   space 27648K, 0% used [0x00000000efd00000,0x00000000efd00000,0x00000000f1800000)
 ParOldGen       total 164864K, used 40959K [0x00000000a0000000, 0x00000000aa100000, 0x00000000e0000000)
  object space 164864K, 24% used [0x00000000a0000000,0x00000000a27ffd68,0x00000000aa100000)
 Metaspace       used 72808K, capacity 75299K, committed 75560K, reserved 1114112K
  class space    used 9684K, capacity 10274K, committed 10288K, reserved 1048576K
Event: 50,075 GC heap after
Heap after GC invocations=14 (full 3):
 PSYoungGen      total 286720K, used 27640K [0x00000000e0000000, 0x00000000f6980000, 0x0000000100000000)
  eden space 259072K, 0% used [0x00000000e0000000,0x00000000e0000000,0x00000000efd00000)
  from space 27648K, 99% used [0x00000000efd00000,0x00000000f17fe208,0x00000000f1800000)
  to   space 38400K, 0% used [0x00000000f4400000,0x00000000f4400000,0x00000000f6980000)
 ParOldGen       total 164864K, used 59515K [0x00000000a0000000, 0x00000000aa100000, 0x00000000e0000000)
  object space 164864K, 36% used [0x00000000a0000000,0x00000000a3a1ef30,0x00000000aa100000)
 Metaspace       used 72808K, capacity 75299K, committed 75560K, reserved 1114112K
  class space    used 9684K, capacity 10274K, committed 10288K, reserved 1048576K
}
Event: 56,159 GC heap before
{Heap before GC invocations=15 (full 3):
 PSYoungGen      total 286720K, used 286712K [0x00000000e0000000, 0x00000000f6980000, 0x0000000100000000)
  eden space 259072K, 100% used [0x00000000e0000000,0x00000000efd00000,0x00000000efd00000)
  from space 27648K, 99% used [0x00000000efd00000,0x00000000f17fe208,0x00000000f1800000)
  to   space 38400K, 0% used [0x00000000f4400000,0x00000000f4400000,0x00000000f6980000)
 ParOldGen       total 164864K, used 59515K [0x00000000a0000000, 0x00000000aa100000, 0x00000000e0000000)
  object space 164864K, 36% used [0x00000000a0000000,0x00000000a3a1ef30,0x00000000aa100000)
 Metaspace       used 78415K, capacity 81235K, committed 81576K, reserved 1120256K
  class space    used 10498K, capacity 11122K, committed 11184K, reserved 1048576K
Event: 56,241 GC heap after
Heap after GC invocations=15 (full 3):
 PSYoungGen      total 311808K, used 38397K [0x00000000e0000000, 0x00000000f9500000, 0x0000000100000000)
  eden space 273408K, 0% used [0x00000000e0000000,0x00000000e0000000,0x00000000f0b00000)
  from space 38400K, 99% used [0x00000000f4400000,0x00000000f697f748,0x00000000f6980000)
  to   space 58368K, 0% used [0x00000000f0b00000,0x00000000f0b00000,0x00000000f4400000)
 ParOldGen       total 164864K, used 97755K [0x00000000a0000000, 0x00000000aa100000, 0x00000000e0000000)
  object space 164864K, 59% used [0x00000000a0000000,0x00000000a5f76fb0,0x00000000aa100000)
 Metaspace       used 78415K, capacity 81235K, committed 81576K, reserved 1120256K
  class space    used 10498K, capacity 11122K, committed 11184K, reserved 1048576K
}

