# JRE version: OpenJDK Runtime Environment (8.0_212) (build 1.8.0_212-release-1586-b4-5784211)
# Java VM: OpenJDK 64-Bit Server VM (25.212-b4-5784211 mixed mode linux-amd64 compressed oops)
Heap:
 PSYoungGen      total 264192K, used 135719K [0x00000000e0000000, 0x00000000f4f80000, 0x0000000100000000)
  eden space 238592K, 46% used [0x00000000e0000000,0x00000000e6b8e890,0x00000000ee900000)
  from space 25600K, 99% used [0x00000000ee900000,0x00000000f01fb630,0x00000000f0200000)
  to   space 34304K, 0% used [0x00000000f2e00000,0x00000000f2e00000,0x00000000f4f80000)
 ParOldGen       total 175616K, used 54064K [0x00000000a0000000, 0x00000000aab80000, 0x00000000e0000000)
  object space 175616K, 30% used [0x00000000a0000000,0x00000000a34cc3b0,0x00000000aab80000)
 Metaspace       used 77047K, capacity 79919K, committed 80168K, reserved 1118208K
  class space    used 10350K, capacity 10980K, committed 11056K, reserved 1048576K
GC Heap History (10 events):
Event: 9,487 GC heap before
{Heap before GC invocations=10 (full 2):
 PSYoungGen      total 180736K, used 156795K [0x00000000e0000000, 0x00000000ef980000, 0x0000000100000000)
  eden space 163840K, 85% used [0x00000000e0000000,0x00000000e88a53d8,0x00000000ea000000)
  from space 16896K, 99% used [0x00000000ea000000,0x00000000eb079908,0x00000000eb080000)
  to   space 21504K, 0% used [0x00000000ee480000,0x00000000ee480000,0x00000000ef980000)
 ParOldGen       total 116736K, used 22770K [0x00000000a0000000, 0x00000000a7200000, 0x00000000e0000000)
  object space 116736K, 19% used [0x00000000a0000000,0x00000000a163c8e0,0x00000000a7200000)
 Metaspace       used 57253K, capacity 59129K, committed 59160K, reserved 1099776K
  class space    used 7905K, capacity 8368K, committed 8368K, reserved 1048576K
Event: 9,542 GC heap after
Heap after GC invocations=10 (full 2):
 PSYoungGen      total 228864K, used 21478K [0x00000000e0000000, 0x00000000f0780000, 0x0000000100000000)
  eden space 207360K, 0% used [0x00000000e0000000,0x00000000e0000000,0x00000000eca80000)
  from space 21504K, 99% used [0x00000000ee480000,0x00000000ef979820,0x00000000ef980000)
  to   space 26624K, 0% used [0x00000000eca80000,0x00000000eca80000,0x00000000ee480000)
 ParOldGen       total 116736K, used 26867K [0x00000000a0000000, 0x00000000a7200000, 0x00000000e0000000)
  object space 116736K, 23% used [0x00000000a0000000,0x00000000a1a3ce08,0x00000000a7200000)
 Metaspace       used 57253K, capacity 59129K, committed 59160K, reserved 1099776K
  class space    used 7905K, capacity 8368K, committed 8368K, reserved 1048576K
}
Event: 9,542 GC heap before
{Heap before GC invocations=11 (full 3):
 PSYoungGen      total 228864K, used 21478K [0x00000000e0000000, 0x00000000f0780000, 0x0000000100000000)
  eden space 207360K, 0% used [0x00000000e0000000,0x00000000e0000000,0x00000000eca80000)
  from space 21504K, 99% used [0x00000000ee480000,0x00000000ef979820,0x00000000ef980000)
  to   space 26624K, 0% used [0x00000000eca80000,0x00000000eca80000,0x00000000ee480000)
 ParOldGen       total 116736K, used 26867K [0x00000000a0000000, 0x00000000a7200000, 0x00000000e0000000)
  object space 116736K, 23% used [0x00000000a0000000,0x00000000a1a3ce08,0x00000000a7200000)
 Metaspace       used 57253K, capacity 59129K, committed 59160K, reserved 1099776K
  class space    used 7905K, capacity 8368K, committed 8368K, reserved 1048576K
Event: 9,844 GC heap after
Heap after GC invocations=11 (full 3):
 PSYoungGen      total 228864K, used 0K [0x00000000e0000000, 0x00000000f0780000, 0x0000000100000000)
  eden space 207360K, 0% used [0x00000000e0000000,0x00000000e0000000,0x00000000eca80000)
  from space 21504K, 0% used [0x00000000ee480000,0x00000000ee480000,0x00000000ef980000)
  to   space 26624K, 0% used [0x00000000eca80000,0x00000000eca80000,0x00000000ee480000)
 ParOldGen       total 175616K, used 40756K [0x00000000a0000000, 0x00000000aab80000, 0x00000000e0000000)
  object space 175616K, 23% used [0x00000000a0000000,0x00000000a27cd1b0,0x00000000aab80000)
 Metaspace       used 57253K, capacity 59129K, committed 59160K, reserved 1099776K
  class space    used 7905K, capacity 8368K, committed 8368K, reserved 1048576K
}
Event: 12,430 GC heap before
{Heap before GC invocations=12 (full 3):
 PSYoungGen      total 228864K, used 207360K [0x00000000e0000000, 0x00000000f0780000, 0x0000000100000000)
  eden space 207360K, 100% used [0x00000000e0000000,0x00000000eca80000,0x00000000eca80000)
  from space 21504K, 0% used [0x00000000ee480000,0x00000000ee480000,0x00000000ef980000)
  to   space 26624K, 0% used [0x00000000eca80000,0x00000000eca80000,0x00000000ee480000)
 ParOldGen       total 175616K, used 40756K [0x00000000a0000000, 0x00000000aab80000, 0x00000000e0000000)
  object space 175616K, 23% used [0x00000000a0000000,0x00000000a27cd1b0,0x00000000aab80000)
 Metaspace       used 60819K, capacity 63077K, committed 63144K, reserved 1103872K
  class space    used 8324K, capacity 8851K, committed 8880K, reserved 1048576K
Event: 12,451 GC heap after
Heap after GC invocations=12 (full 3):
 PSYoungGen      total 233984K, used 15881K [0x00000000e0000000, 0x00000000f1e80000, 0x0000000100000000)
  eden space 207360K, 0% used [0x00000000e0000000,0x00000000e0000000,0x00000000eca80000)
  from space 26624K, 59% used [0x00000000eca80000,0x00000000eda02728,0x00000000ee480000)
  to   space 26624K, 0% used [0x00000000f0480000,0x00000000f0480000,0x00000000f1e80000)
 ParOldGen       total 175616K, used 40764K [0x00000000a0000000, 0x00000000aab80000, 0x00000000e0000000)
  object space 175616K, 23% used [0x00000000a0000000,0x00000000a27cf1b0,0x00000000aab80000)
 Metaspace       used 60819K, capacity 63077K, committed 63144K, reserved 1103872K
  class space    used 8324K, capacity 8851K, committed 8880K, reserved 1048576K
}
Event: 14,417 GC heap before
{Heap before GC invocations=13 (full 3):
 PSYoungGen      total 233984K, used 223241K [0x00000000e0000000, 0x00000000f1e80000, 0x0000000100000000)
  eden space 207360K, 100% used [0x00000000e0000000,0x00000000eca80000,0x00000000eca80000)
  from space 26624K, 59% used [0x00000000eca80000,0x00000000eda02728,0x00000000ee480000)
  to   space 26624K, 0% used [0x00000000f0480000,0x00000000f0480000,0x00000000f1e80000)
 ParOldGen       total 175616K, used 40764K [0x00000000a0000000, 0x00000000aab80000, 0x00000000e0000000)
  object space 175616K, 23% used [0x00000000a0000000,0x00000000a27cf1b0,0x00000000aab80000)
 Metaspace       used 62727K, capacity 65135K, committed 65448K, reserved 1105920K
  class space    used 8509K, capacity 9054K, committed 9136K, reserved 1048576K
Event: 14,443 GC heap after
Heap after GC invocations=13 (full 3):
 PSYoungGen      total 261632K, used 14182K [0x00000000e0000000, 0x00000000f1b00000, 0x0000000100000000)
  eden space 238592K, 0% used [0x00000000e0000000,0x00000000e0000000,0x00000000ee900000)
  from space 23040K, 61% used [0x00000000f0480000,0x00000000f1259a78,0x00000000f1b00000)
  to   space 25600K, 0% used [0x00000000ee900000,0x00000000ee900000,0x00000000f0200000)
 ParOldGen       total 175616K, used 40772K [0x00000000a0000000, 0x00000000aab80000, 0x00000000e0000000)
  object space 175616K, 23% used [0x00000000a0000000,0x00000000a27d11b0,0x00000000aab80000)
 Metaspace       used 62727K, capacity 65135K, committed 65448K, reserved 1105920K
  class space    used 8509K, capacity 9054K, committed 9136K, reserved 1048576K
}
Event: 17,949 GC heap before
{Heap before GC invocations=14 (full 3):
 PSYoungGen      total 261632K, used 252774K [0x00000000e0000000, 0x00000000f1b00000, 0x0000000100000000)
  eden space 238592K, 100% used [0x00000000e0000000,0x00000000ee900000,0x00000000ee900000)
  from space 23040K, 61% used [0x00000000f0480000,0x00000000f1259a78,0x00000000f1b00000)
  to   space 25600K, 0% used [0x00000000ee900000,0x00000000ee900000,0x00000000f0200000)
 ParOldGen       total 175616K, used 40772K [0x00000000a0000000, 0x00000000aab80000, 0x00000000e0000000)
  object space 175616K, 23% used [0x00000000a0000000,0x00000000a27d11b0,0x00000000aab80000)
 Metaspace       used 72144K, capacity 74649K, committed 74792K, reserved 1114112K
  class space    used 9640K, capacity 10211K, committed 10288K, reserved 1048576K
Event: 18,012 GC heap after
Heap after GC invocations=14 (full 3):
 PSYoungGen      total 264192K, used 25581K [0x00000000e0000000, 0x00000000f4f80000, 0x0000000100000000)
  eden space 238592K, 0% used [0x00000000e0000000,0x00000000e0000000,0x00000000ee900000)
  from space 25600K, 99% used [0x00000000ee900000,0x00000000f01fb630,0x00000000f0200000)
  to   space 34304K, 0% used [0x00000000f2e00000,0x00000000f2e00000,0x00000000f4f80000)
 ParOldGen       total 175616K, used 54064K [0x00000000a0000000, 0x00000000aab80000, 0x00000000e0000000)
  object space 175616K, 30% used [0x00000000a0000000,0x00000000a34cc3b0,0x00000000aab80000)
 Metaspace       used 72144K, capacity 74649K, committed 74792K, reserved 1114112K
  class space    used 9640K, capacity 10211K, committed 10288K, reserved 1048576K
}

